#
# There is insufficient memory for the Java Runtime Environment to continue.
# Native memory allocation (malloc) failed to allocate 1124272 bytes for Chunk::new
# Possible reasons:
#   The system is out of physical RAM or swap space
#   In 32 bit mode, the process size limit was hit
# Possible solutions:
#   Reduce memory load on the system
#   Increase physical memory or swap space
#   Check if swap backing store is full
#   Use 64 bit Java on a 64 bit OS
#   Decrease Java heap size (-Xmx/-Xms)
#   Decrease number of Java threads
#   Decrease Java thread stack sizes (-Xss)
#   Set larger code cache with -XX:ReservedCodeCacheSize=
# This output file may be truncated or incomplete.
#
#  Out of Memory Error (allocation.cpp:390), pid=4768, tid=0x0000000000007670
#
# JRE version: Java(TM) SE Runtime Environment (8.0_181-b25) (build 1.8.0_181-b25)
# Java VM: Java HotSpot(TM) 64-Bit Server VM (25.181-b25 mixed mode windows-amd64 compressed oops)
# Failed to write core dump. Minidumps are not enabled by default on client versions of Windows
#

---------------  T H R E A D  ---------------

Current thread (0x0000000021362000):  JavaThread "C2 CompilerThread1" daemon [_thread_in_native, id=30320, stack(0x0000000021c20000,0x0000000021d20000)]

Stack: [0x0000000021c20000,0x0000000021d20000]
[error occurred during error reporting (printing stack bounds), id 0xc0000005]

Native frames: (J=compiled Java code, j=interpreted, Vv=VM code, C=native code)


Current CompileTask:
C2:  15603 3271       4       org.springframework.beans.factory.support.AbstractBeanFactory::isTypeMatch (607 bytes)


---------------  P R O C E S S  ---------------

Java Threads: ( => current thread )
  0x000000002152c000 JavaThread "surefire-forkedjvm-ping-30s" daemon [_thread_blocked, id=10676, stack(0x0000000022220000,0x0000000022320000)]
  0x0000000021481800 JavaThread "surefire-forkedjvm-command-thread" daemon [_thread_in_native, id=30480, stack(0x0000000022120000,0x0000000022220000)]
  0x00000000213f1800 JavaThread "Service Thread" daemon [_thread_blocked, id=30808, stack(0x0000000021f20000,0x0000000022020000)]
  0x0000000021368000 JavaThread "C1 CompilerThread3" daemon [_thread_blocked, id=19556, stack(0x0000000021e20000,0x0000000021f20000)]
  0x0000000021363000 JavaThread "C2 CompilerThread2" daemon [_thread_in_native, id=27488, stack(0x0000000021d20000,0x0000000021e20000)]
=>0x0000000021362000 JavaThread "C2 CompilerThread1" daemon [_thread_in_native, id=30320, stack(0x0000000021c20000,0x0000000021d20000)]
  0x000000002135e800 JavaThread "C2 CompilerThread0" daemon [_thread_in_native, id=29924, stack(0x0000000021b20000,0x0000000021c20000)]
  0x0000000021359000 JavaThread "Attach Listener" daemon [_thread_blocked, id=1840, stack(0x0000000021a20000,0x0000000021b20000)]
  0x0000000021358000 JavaThread "Signal Dispatcher" daemon [_thread_blocked, id=20704, stack(0x0000000021920000,0x0000000021a20000)]
  0x0000000021351800 JavaThread "Finalizer" daemon [_thread_blocked, id=2148, stack(0x0000000021730000,0x0000000021830000)]
  0x000000001f45d800 JavaThread "Reference Handler" daemon [_thread_blocked, id=28576, stack(0x0000000021230000,0x0000000021330000)]
  0x000000000509e000 JavaThread "main" [_thread_in_Java, id=14772, stack(0x0000000004f40000,0x0000000005040000)]

Other Threads:
  0x000000001f456800 VMThread [stack: 0x0000000021130000,0x0000000021230000] [id=25504]
  0x0000000021397000 WatcherThread [stack: 0x0000000022020000,0x0000000022120000] [id=30672]

VM state:not at safepoint (normal execution)

VM Mutex/Monitor currently owned by a thread: None

Heap:
 PSYoungGen      total 141312K, used 37550K [0x000000076b700000, 0x0000000775200000, 0x00000007c0000000)
  eden space 129536K, 20% used [0x000000076b700000,0x000000076d107280,0x0000000773580000)
  from space 11776K, 92% used [0x0000000774280000,0x0000000774d24750,0x0000000774e00000)
  to   space 13312K, 0% used [0x0000000773580000,0x0000000773580000,0x0000000774280000)
 ParOldGen       total 111104K, used 9318K [0x00000006c2400000, 0x00000006c9080000, 0x000000076b700000)
  object space 111104K, 8% used [0x00000006c2400000,0x00000006c2d19bb8,0x00000006c9080000)
 Metaspace       used 30737K, capacity 33392K, committed 33584K, reserved 1079296K
  class space    used 4122K, capacity 4586K, committed 4656K, reserved 1048576K

Card table byte_map: [0x0000000014e10000,0x0000000015600000] byte_map_base: 0x00000000117fe000

Marking Bits: (ParMarkBitMap*) 0x00000000058c3d00
 Begin Bits: [0x0000000016350000, 0x000000001a2c0000)
 End Bits:   [0x000000001a2c0000, 0x000000001e230000)

Polling page: 0x0000000005040000

CodeCache: size=245760Kb used=11652Kb max_used=11652Kb free=234107Kb
 bounds [0x0000000005a50000, 0x00000000065c0000, 0x0000000014a50000]
 total_blobs=3628 nmethods=3231 adapters=309
 compilation: enabled

Compilation events (10 events):
Event: 15.493 Thread 0x0000000021368000 nmethod 3397 0x00000000065b2590 code [0x00000000065b26e0, 0x00000000065b27d0]
Event: 15.495 Thread 0x0000000021368000 3400       3       java.util.regex.Pattern$GroupTail::match (111 bytes)
Event: 15.496 Thread 0x0000000021368000 nmethod 3400 0x00000000065b2850 code [0x00000000065b29e0, 0x00000000065b2da8]
Event: 15.497 Thread 0x0000000021368000 3401       3       java.util.Spliterators$IteratorSpliterator::tryAdvance (77 bytes)
Event: 15.497 Thread 0x0000000021368000 nmethod 3401 0x00000000065b3090 code [0x00000000065b3260, 0x00000000065b3958]
Event: 15.497 Thread 0x0000000021368000 3402       3       java.util.Collections$UnmodifiableMap$UnmodifiableEntrySet$UnmodifiableEntrySetSpliterator::tryAdvance (19 bytes)
Event: 15.499 Thread 0x0000000021368000 nmethod 3402 0x00000000065b3b90 code [0x00000000065b3d60, 0x00000000065b4598]
Event: 15.499 Thread 0x0000000021368000 3403       3       java.util.Collections$UnmodifiableMap$UnmodifiableEntrySet::entryConsumer (7 bytes)
Event: 15.500 Thread 0x0000000021368000 nmethod 3403 0x00000000065b49d0 code [0x00000000065b4b60, 0x00000000065b50f0]
Event: 15.500 Thread 0x0000000021368000 3404       3       sun.reflect.ReflectionFactory::newMethodAccessor (79 bytes)

GC Heap History (10 events):
Event: 6.174 GC heap before
{Heap before GC invocations=3 (full 1):
 PSYoungGen      total 75776K, used 9831K [0x000000076b700000, 0x0000000770b80000, 0x00000007c0000000)
  eden space 65024K, 0% used [0x000000076b700000,0x000000076b700000,0x000000076f680000)
  from space 10752K, 91% used [0x0000000770100000,0x0000000770a99de8,0x0000000770b80000)
  to   space 10752K, 0% used [0x000000076f680000,0x000000076f680000,0x0000000770100000)
 ParOldGen       total 173568K, used 24K [0x00000006c2400000, 0x00000006ccd80000, 0x000000076b700000)
  object space 173568K, 0% used [0x00000006c2400000,0x00000006c2406000,0x00000006ccd80000)
 Metaspace       used 20052K, capacity 21226K, committed 21296K, reserved 1067008K
  class space    used 2570K, capacity 2817K, committed 2864K, reserved 1048576K
Event: 6.250 GC heap after
Heap after GC invocations=3 (full 1):
 PSYoungGen      total 75776K, used 0K [0x000000076b700000, 0x0000000770b80000, 0x00000007c0000000)
  eden space 65024K, 0% used [0x000000076b700000,0x000000076b700000,0x000000076f680000)
  from space 10752K, 0% used [0x0000000770100000,0x0000000770100000,0x0000000770b80000)
  to   space 10752K, 0% used [0x000000076f680000,0x000000076f680000,0x0000000770100000)
 ParOldGen       total 111104K, used 9286K [0x00000006c2400000, 0x00000006c9080000, 0x000000076b700000)
  object space 111104K, 8% used [0x00000006c2400000,0x00000006c2d11bb8,0x00000006c9080000)
 Metaspace       used 20052K, capacity 21226K, committed 21296K, reserved 1067008K
  class space    used 2570K, capacity 2817K, committed 2864K, reserved 1048576K
}
Event: 7.813 GC heap before
{Heap before GC invocations=4 (full 1):
 PSYoungGen      total 75776K, used 65024K [0x000000076b700000, 0x0000000770b80000, 0x00000007c0000000)
  eden space 65024K, 100% used [0x000000076b700000,0x000000076f680000,0x000000076f680000)
  from space 10752K, 0% used [0x0000000770100000,0x0000000770100000,0x0000000770b80000)
  to   space 10752K, 0% used [0x000000076f680000,0x000000076f680000,0x0000000770100000)
 ParOldGen       total 111104K, used 9286K [0x00000006c2400000, 0x00000006c9080000, 0x000000076b700000)
  object space 111104K, 8% used [0x00000006c2400000,0x00000006c2d11bb8,0x00000006c9080000)
 Metaspace       used 22546K, capacity 23998K, committed 24368K, reserved 1071104K
  class space    used 2939K, capacity 3257K, committed 3376K, reserved 1048576K
Event: 7.823 GC heap after
Heap after GC invocations=4 (full 1):
 PSYoungGen      total 75776K, used 4764K [0x000000076b700000, 0x0000000772600000, 0x00000007c0000000)
  eden space 65024K, 0% used [0x000000076b700000,0x000000076b700000,0x000000076f680000)
  from space 10752K, 44% used [0x000000076f680000,0x000000076fb27328,0x0000000770100000)
  to   space 10752K, 0% used [0x0000000771b80000,0x0000000771b80000,0x0000000772600000)
 ParOldGen       total 111104K, used 9294K [0x00000006c2400000, 0x00000006c9080000, 0x000000076b700000)
  object space 111104K, 8% used [0x00000006c2400000,0x00000006c2d13bb8,0x00000006c9080000)
 Metaspace       used 22546K, capacity 23998K, committed 24368K, reserved 1071104K
  class space    used 2939K, capacity 3257K, committed 3376K, reserved 1048576K
}
Event: 8.363 GC heap before
{Heap before GC invocations=5 (full 1):
 PSYoungGen      total 75776K, used 69788K [0x000000076b700000, 0x0000000772600000, 0x00000007c0000000)
  eden space 65024K, 100% used [0x000000076b700000,0x000000076f680000,0x000000076f680000)
  from space 10752K, 44% used [0x000000076f680000,0x000000076fb27328,0x0000000770100000)
  to   space 10752K, 0% used [0x0000000771b80000,0x0000000771b80000,0x0000000772600000)
 ParOldGen       total 111104K, used 9294K [0x00000006c2400000, 0x00000006c9080000, 0x000000076b700000)
  object space 111104K, 8% used [0x00000006c2400000,0x00000006c2d13bb8,0x00000006c9080000)
 Metaspace       used 22908K, capacity 24376K, committed 24624K, reserved 1071104K
  class space    used 2964K, capacity 3264K, committed 3376K, reserved 1048576K
Event: 8.370 GC heap after
Heap after GC invocations=5 (full 1):
 PSYoungGen      total 102912K, used 3280K [0x000000076b700000, 0x0000000772780000, 0x00000007c0000000)
  eden space 92160K, 0% used [0x000000076b700000,0x000000076b700000,0x0000000771100000)
  from space 10752K, 30% used [0x0000000771b80000,0x0000000771eb4240,0x0000000772600000)
  to   space 10752K, 0% used [0x0000000771100000,0x0000000771100000,0x0000000771b80000)
 ParOldGen       total 111104K, used 9302K [0x00000006c2400000, 0x00000006c9080000, 0x000000076b700000)
  object space 111104K, 8% used [0x00000006c2400000,0x00000006c2d15bb8,0x00000006c9080000)
 Metaspace       used 22908K, capacity 24376K, committed 24624K, reserved 1071104K
  class space    used 2964K, capacity 3264K, committed 3376K, reserved 1048576K
}
Event: 11.295 GC heap before
{Heap before GC invocations=6 (full 1):
 PSYoungGen      total 102912K, used 95440K [0x000000076b700000, 0x0000000772780000, 0x00000007c0000000)
  eden space 92160K, 100% used [0x000000076b700000,0x0000000771100000,0x0000000771100000)
  from space 10752K, 30% used [0x0000000771b80000,0x0000000771eb4240,0x0000000772600000)
  to   space 10752K, 0% used [0x0000000771100000,0x0000000771100000,0x0000000771b80000)
 ParOldGen       total 111104K, used 9302K [0x00000006c2400000, 0x00000006c9080000, 0x000000076b700000)
  object space 111104K, 8% used [0x00000006c2400000,0x00000006c2d15bb8,0x00000006c9080000)
 Metaspace       used 27060K, capacity 28750K, committed 28976K, reserved 1075200K
  class space    used 3520K, capacity 3843K, committed 3888K, reserved 1048576K
Event: 11.316 GC heap after
Heap after GC invocations=6 (full 1):
 PSYoungGen      total 102912K, used 7862K [0x000000076b700000, 0x0000000774e00000, 0x00000007c0000000)
  eden space 92160K, 0% used [0x000000076b700000,0x000000076b700000,0x0000000771100000)
  from space 10752K, 73% used [0x0000000771100000,0x00000007718ad8d8,0x0000000771b80000)
  to   space 11776K, 0% used [0x0000000774280000,0x0000000774280000,0x0000000774e00000)
 ParOldGen       total 111104K, used 9310K [0x00000006c2400000, 0x00000006c9080000, 0x000000076b700000)
  object space 111104K, 8% used [0x00000006c2400000,0x00000006c2d17bb8,0x00000006c9080000)
 Metaspace       used 27060K, capacity 28750K, committed 28976K, reserved 1075200K
  class space    used 3520K, capacity 3843K, committed 3888K, reserved 1048576K
}
Event: 14.703 GC heap before
{Heap before GC invocations=7 (full 1):
 PSYoungGen      total 102912K, used 100022K [0x000000076b700000, 0x0000000774e00000, 0x00000007c0000000)
  eden space 92160K, 100% used [0x000000076b700000,0x0000000771100000,0x0000000771100000)
  from space 10752K, 73% used [0x0000000771100000,0x00000007718ad8d8,0x0000000771b80000)
  to   space 11776K, 0% used [0x0000000774280000,0x0000000774280000,0x0000000774e00000)
 ParOldGen       total 111104K, used 9310K [0x00000006c2400000, 0x00000006c9080000, 0x000000076b700000)
  object space 111104K, 8% used [0x00000006c2400000,0x00000006c2d17bb8,0x00000006c9080000)
 Metaspace       used 29995K, capacity 32484K, committed 32688K, reserved 1077248K
  class space    used 3999K, capacity 4426K, committed 4528K, reserved 1048576K
Event: 14.739 GC heap after
Heap after GC invocations=7 (full 1):
 PSYoungGen      total 141312K, used 10897K [0x000000076b700000, 0x0000000775200000, 0x00000007c0000000)
  eden space 129536K, 0% used [0x000000076b700000,0x000000076b700000,0x0000000773580000)
  from space 11776K, 92% used [0x0000000774280000,0x0000000774d24750,0x0000000774e00000)
  to   space 13312K, 0% used [0x0000000773580000,0x0000000773580000,0x0000000774280000)
 ParOldGen       total 111104K, used 9318K [0x00000006c2400000, 0x00000006c9080000, 0x000000076b700000)
  object space 111104K, 8% used [0x00000006c2400000,0x00000006c2d19bb8,0x00000006c9080000)
 Metaspace       used 29995K, capacity 32484K, committed 32688K, reserved 1077248K
  class space    used 3999K, capacity 4426K, committed 4528K, reserved 1048576K
}

Deoptimization events (10 events):
Event: 11.744 Thread 0x000000000509e000 Uncommon trap: reason=unstable_if action=reinterpret pc=0x00000000062cf754 method=java.lang.reflect.Method.equals(Ljava/lang/Object;)Z @ 49
Event: 11.784 Thread 0x000000000509e000 Uncommon trap: reason=unstable_if action=reinterpret pc=0x00000000060966bc method=org.springframework.util.ConcurrentReferenceHashMap$Segment.findInChain(Lorg/springframework/util/ConcurrentReferenceHashMap$Reference;Ljava/lang/Object;I)Lorg/springframewo
Event: 11.784 Thread 0x000000000509e000 Uncommon trap: reason=unstable_if action=reinterpret pc=0x0000000006074888 method=org.springframework.util.ConcurrentReferenceHashMap$Segment.findInChain(Lorg/springframework/util/ConcurrentReferenceHashMap$Reference;Ljava/lang/Object;I)Lorg/springframewo
Event: 12.175 Thread 0x000000000509e000 Uncommon trap: reason=unstable_if action=reinterpret pc=0x00000000063ad3d8 method=java.lang.reflect.Method.equals(Ljava/lang/Object;)Z @ 1
Event: 12.622 Thread 0x000000000509e000 Uncommon trap: reason=unstable_if action=reinterpret pc=0x000000000634162c method=jdk.internal.org.objectweb.asm.Type.getArgumentsAndReturnSizes(Ljava/lang/String;)I @ 41
Event: 12.953 Thread 0x000000000509e000 Uncommon trap: reason=unstable_if action=reinterpret pc=0x0000000006464284 method=org.springframework.beans.factory.support.AbstractBeanFactory.isTypeMatch(Ljava/lang/String;Lorg/springframework/core/ResolvableType;Z)Z @ 559
Event: 14.368 Thread 0x000000000509e000 Uncommon trap: reason=unstable_if action=reinterpret pc=0x000000000631cbe4 method=org.springframework.beans.factory.support.DefaultSingletonBeanRegistry.getSingleton(Ljava/lang/String;Z)Ljava/lang/Object; @ 47
Event: 14.982 Thread 0x000000000509e000 Uncommon trap: reason=unstable_if action=reinterpret pc=0x0000000006488898 method=java.lang.Class$MethodArray.addIfNotPresent(Ljava/lang/reflect/Method;)V @ 19
Event: 15.425 Thread 0x000000000509e000 Uncommon trap: reason=unstable_if action=reinterpret pc=0x000000000636821c method=org.springframework.boot.context.properties.source.ConfigurationPropertyName$ElementsParser.add(IILorg/springframework/boot/context/properties/source/ConfigurationPropertyNa
Event: 15.478 Thread 0x000000000509e000 Uncommon trap: reason=unstable_if action=reinterpret pc=0x0000000006540f7c method=org.springframework.core.annotation.AnnotationsScanner.isKnownEmpty(Ljava/lang/reflect/AnnotatedElement;Lorg/springframework/core/annotation/MergedAnnotations$SearchStrategy

Classes redefined (0 events):
No events

Internal exceptions (10 events):
Event: 15.381 Thread 0x000000000509e000 Exception <a 'java/lang/ClassNotFoundException': java/lang/ObjectCustomizer> (0x000000076cb95ab0) thrown at [C:\re\workspace\8-2-build-windows-amd64-cygwin\jdk8u181-mos\11301\hotspot\src\share\vm\classfile\systemDictionary.cpp, line 210]
Event: 15.383 Thread 0x000000000509e000 Exception <a 'java/lang/ClassNotFoundException': org/springframework/boot/actuate/autoconfigure/env/EnvironmentEndpointAutoConfigurationCustomizer> (0x000000076cbb96b0) thrown at [C:\re\workspace\8-2-build-windows-amd64-cygwin\jdk8u181-mos\11301\hotspot\s
Event: 15.391 Thread 0x000000000509e000 Exception <a 'java/lang/ClassNotFoundException': java/lang/ObjectCustomizer> (0x000000076cbc9a00) thrown at [C:\re\workspace\8-2-build-windows-amd64-cygwin\jdk8u181-mos\11301\hotspot\src\share\vm\classfile\systemDictionary.cpp, line 210]
Event: 15.393 Thread 0x000000000509e000 Exception <a 'java/lang/ClassNotFoundException': org/springframework/boot/actuate/autoconfigure/env/EnvironmentEndpointPropertiesCustomizer> (0x000000076cbeb640) thrown at [C:\re\workspace\8-2-build-windows-amd64-cygwin\jdk8u181-mos\11301\hotspot\src\shar
Event: 15.408 Thread 0x000000000509e000 Exception <a 'java/lang/ClassNotFoundException': java/lang/ObjectCustomizer> (0x000000076cc6b208) thrown at [C:\re\workspace\8-2-build-windows-amd64-cygwin\jdk8u181-mos\11301\hotspot\src\share\vm\classfile\systemDictionary.cpp, line 210]
Event: 15.410 Thread 0x000000000509e000 Exception <a 'java/lang/ClassNotFoundException': org/springframework/boot/actuate/env/EnvironmentEndpointCustomizer> (0x000000076cc87258) thrown at [C:\re\workspace\8-2-build-windows-amd64-cygwin\jdk8u181-mos\11301\hotspot\src\share\vm\classfile\systemDic
Event: 15.500 Thread 0x000000000509e000 Exception <a 'java/lang/ClassNotFoundException': java/lang/ObjectCustomizer> (0x000000076ce8a1c8) thrown at [C:\re\workspace\8-2-build-windows-amd64-cygwin\jdk8u181-mos\11301\hotspot\src\share\vm\classfile\systemDictionary.cpp, line 210]
Event: 15.502 Thread 0x000000000509e000 Exception <a 'java/lang/ClassNotFoundException': org/springframework/boot/actuate/env/EnvironmentEndpointWebExtensionCustomizer> (0x000000076cea90a0) thrown at [C:\re\workspace\8-2-build-windows-amd64-cygwin\jdk8u181-mos\11301\hotspot\src\share\vm\classfi
Event: 15.506 Thread 0x000000000509e000 Exception <a 'java/lang/ClassNotFoundException': java/lang/ObjectCustomizer> (0x000000076cebda28) thrown at [C:\re\workspace\8-2-build-windows-amd64-cygwin\jdk8u181-mos\11301\hotspot\src\share\vm\classfile\systemDictionary.cpp, line 210]
Event: 15.508 Thread 0x000000000509e000 Exception <a 'java/lang/ClassNotFoundException': org/springframework/boot/actuate/autoconfigure/logging/LoggersEndpointAutoConfigurationCustomizer> (0x000000076cee1500) thrown at [C:\re\workspace\8-2-build-windows-amd64-cygwin\jdk8u181-mos\11301\hotspot\s

Events (10 events):
Event: 15.506 loading class java/lang/ObjectCustomizer
Event: 15.506 loading class java/lang/ObjectCustomizer done
Event: 15.507 loading class org/springframework/boot/actuate/autoconfigure/logging/LoggersEndpointAutoConfigurationCustomizer
Event: 15.507 loading class org/springframework/boot/actuate/autoconfigure/logging/LoggersEndpointAutoConfigurationCustomizer done
Event: 15.507 loading class org/springframework/boot/actuate/autoconfigure/logging/LoggersEndpointAutoConfigurationCustomizer
Event: 15.507 loading class org/springframework/boot/actuate/autoconfigure/logging/LoggersEndpointAutoConfigurationCustomizer done
Event: 15.508 loading class org/springframework/boot/actuate/autoconfigure/logging/LoggersEndpointAutoConfigurationCustomizer
Event: 15.508 loading class org/springframework/boot/actuate/autoconfigure/logging/LoggersEndpointAutoConfigurationCustomizer done
Event: 15.511 loading class org/springframework/boot/logging/LoggerGroups
Event: 15.511 loading class org/springframework/boot/logging/LoggerGroups done


Dynamic libraries:
0x00007ff7eae70000 - 0x00007ff7eaea7000 	C:\Development_Avecto\install\jdk1.8.0_181\jre\bin\java.exe
0x00007ffbbcc50000 - 0x00007ffbbce30000 	C:\WINDOWS\SYSTEM32\ntdll.dll
0x00007ffbba1f0000 - 0x00007ffbba29e000 	C:\WINDOWS\System32\KERNEL32.DLL
0x00007ffbb9a70000 - 0x00007ffbb9cd6000 	C:\WINDOWS\System32\KERNELBASE.dll
0x00007ffbbc950000 - 0x00007ffbbc9f1000 	C:\WINDOWS\System32\ADVAPI32.dll
0x00007ffbbc5d0000 - 0x00007ffbbc66d000 	C:\WINDOWS\System32\msvcrt.dll
0x00007ffbba2a0000 - 0x00007ffbba2fb000 	C:\WINDOWS\System32\sechost.dll
0x00007ffbbc7c0000 - 0x00007ffbbc8df000 	C:\WINDOWS\System32\RPCRT4.dll
0x00007ffbba300000 - 0x00007ffbba48f000 	C:\WINDOWS\System32\USER32.dll
0x00007ffbb9a50000 - 0x00007ffbb9a70000 	C:\WINDOWS\System32\win32u.dll
0x00007ffbbba20000 - 0x00007ffbbba48000 	C:\WINDOWS\System32\GDI32.dll
0x00007ffbb98b0000 - 0x00007ffbb9a42000 	C:\WINDOWS\System32\gdi32full.dll
0x00007ffbba080000 - 0x00007ffbba11b000 	C:\WINDOWS\System32\msvcp_win.dll
0x00007ffbb9f00000 - 0x00007ffbb9ff4000 	C:\WINDOWS\System32\ucrtbase.dll
0x00007ffba0000000 - 0x00007ffba0269000 	C:\WINDOWS\WinSxS\amd64_microsoft.windows.common-controls_6595b64144ccf1df_6.0.16299.1868_none_0f8e5c3a5a677332\COMCTL32.dll
0x00007ffbbbb70000 - 0x00007ffbbbe76000 	C:\WINDOWS\System32\combase.dll
0x00007ffbba000000 - 0x00007ffbba078000 	C:\WINDOWS\System32\bcryptPrimitives.dll
0x00007ffbba490000 - 0x00007ffbba4bd000 	C:\WINDOWS\System32\IMM32.DLL
0x00007ffbb7d50000 - 0x00007ffbb7ed8000 	C:\Program Files\Avecto\Privilege Guard Client\PGHook.dll
0x00007ffbb8a00000 - 0x00007ffbb8a17000 	C:\WINDOWS\SYSTEM32\CRYPTSP.dll
0x00007ffbb81d0000 - 0x00007ffbb8203000 	C:\WINDOWS\system32\rsaenh.dll
0x00007ffbb8b00000 - 0x00007ffbb8b25000 	C:\WINDOWS\SYSTEM32\bcrypt.dll
0x00007ffbb89f0000 - 0x00007ffbb89fb000 	C:\WINDOWS\SYSTEM32\CRYPTBASE.dll
0x00007ffbba4c0000 - 0x00007ffbbb8fd000 	C:\WINDOWS\System32\shell32.dll
0x00007ffbb9ce0000 - 0x00007ffbb9d2a000 	C:\WINDOWS\System32\cfgmgr32.dll
0x00007ffbbb960000 - 0x00007ffbbba06000 	C:\WINDOWS\System32\shcore.dll
0x00007ffbb9160000 - 0x00007ffbb98aa000 	C:\WINDOWS\System32\windows.storage.dll
0x00007ffbbc570000 - 0x00007ffbbc5c1000 	C:\WINDOWS\System32\shlwapi.dll
0x00007ffbb8fa0000 - 0x00007ffbb8fb1000 	C:\WINDOWS\System32\kernel.appcore.dll
0x00007ffbb9000000 - 0x00007ffbb904c000 	C:\WINDOWS\System32\powrprof.dll
0x00007ffbb8fe0000 - 0x00007ffbb8ffb000 	C:\WINDOWS\System32\profapi.dll
0x0000000068000000 - 0x000000006806e000 	C:\WINDOWS\System32\QIPCAP64.dll
0x00007ffbb85c0000 - 0x00007ffbb8677000 	C:\WINDOWS\SYSTEM32\DNSAPI.dll
0x00007ffbbc8e0000 - 0x00007ffbbc94c000 	C:\WINDOWS\System32\WS2_32.dll
0x00007ffbbca00000 - 0x00007ffbbca08000 	C:\WINDOWS\System32\NSI.dll
0x00007ffbb8580000 - 0x00007ffbb85b9000 	C:\WINDOWS\SYSTEM32\IPHLPAPI.DLL
0x00000000677d0000 - 0x00000000678a2000 	C:\Development_Avecto\install\jdk1.8.0_181\jre\bin\msvcr100.dll
0x00000000050a0000 - 0x0000000005943000 	C:\Development_Avecto\install\jdk1.8.0_181\jre\bin\server\jvm.dll
0x0000000004f30000 - 0x0000000004f38000 	C:\WINDOWS\System32\PSAPI.DLL
0x00007ffbb0620000 - 0x00007ffbb0629000 	C:\WINDOWS\SYSTEM32\WSOCK32.dll
0x00007ffbb3530000 - 0x00007ffbb3553000 	C:\WINDOWS\SYSTEM32\WINMM.dll
0x00007ffbb65b0000 - 0x00007ffbb65ba000 	C:\WINDOWS\SYSTEM32\VERSION.dll
0x00007ffbb34e0000 - 0x00007ffbb350a000 	C:\WINDOWS\SYSTEM32\WINMMBASE.dll
0x0000000068240000 - 0x000000006824f000 	C:\Development_Avecto\install\jdk1.8.0_181\jre\bin\verify.dll
0x0000000068210000 - 0x0000000068239000 	C:\Development_Avecto\install\jdk1.8.0_181\jre\bin\java.dll
0x00000000681f0000 - 0x0000000068206000 	C:\Development_Avecto\install\jdk1.8.0_181\jre\bin\zip.dll
0x0000000068310000 - 0x000000006831d000 	C:\Development_Avecto\install\jdk1.8.0_181\jre\bin\management.dll
0x00000000681d0000 - 0x00000000681ea000 	C:\Development_Avecto\install\jdk1.8.0_181\jre\bin\net.dll
0x00007ffbb8830000 - 0x00007ffbb8896000 	C:\WINDOWS\system32\mswsock.dll
0x00000000678f0000 - 0x0000000067901000 	C:\Development_Avecto\install\jdk1.8.0_181\jre\bin\nio.dll
0x00007ffb97a90000 - 0x00007ffb97aa6000 	C:\WINDOWS\system32\napinsp.dll
0x00007ffb97a70000 - 0x00007ffb97a8a000 	C:\WINDOWS\system32\pnrpnsp.dll
0x00007ffbb4cb0000 - 0x00007ffbb4cc8000 	C:\WINDOWS\system32\NLAapi.dll
0x00007ffb97fd0000 - 0x00007ffb97fde000 	C:\WINDOWS\System32\winrnr.dll
0x00007ffb97a50000 - 0x00007ffb97a65000 	C:\WINDOWS\System32\wshbth.dll
0x00007ffbadf40000 - 0x00007ffbadf4a000 	C:\Windows\System32\rasadhlp.dll
0x00007ffbb3320000 - 0x00007ffbb3390000 	C:\WINDOWS\System32\fwpuclnt.dll

VM Arguments:
java_command: C:\Users\366564\AppData\Local\Temp\surefire7934261875369130266\surefirebooter1274590543115109078.jar C:\Users\366564\AppData\Local\Temp\surefire7934261875369130266 2020-06-08T14-35-38_466-jvmRun1 surefire441815744548085935tmp surefire_07112260141392993345tmp
java_class_path (initial): C:\Users\366564\AppData\Local\Temp\surefire7934261875369130266\surefirebooter1274590543115109078.jar
Launcher Type: SUN_STANDARD

Environment Variables:
JAVA_HOME=C:\Development_Avecto\install\jdk1.8.0_181
PATH=C:/Development_Avecto/install/jdk1.8.0_181/bin/../jre/bin/server;C:/Development_Avecto/install/jdk1.8.0_181/bin/../jre/bin;C:/Development_Avecto/install/jdk1.8.0_181/bin/../jre/lib/amd64;C:\Program Files (x86)\RSA SecurID Token Common;C:\Program Files\RSA SecurID Token Common;C:\WINDOWS\system32;C:\WINDOWS;C:\WINDOWS\System32\Wbem;C:\WINDOWS\System32\WindowsPowerShell\v1.0\;C:\Program Files\TortoiseSVN\bin;C:\Program Files (x86)\MySQL\MySQL Fabric 1.5.4 & MySQL Utilities 1.5.4 1.5\;C:\Program Files (x86)\MySQL\MySQL Fabric 1.5.4 & MySQL Utilities 1.5.4 1.5\Doctrine extensions for PHP\;C:\Program Files (x86)\Webex\Webex\Applications;C:\Program Files\Microsoft VS Code\bin;C:\Program Files\Intel\WiFi\bin\;C:\Program Files\Common Files\Intel\WirelessCommon\;C:\Users\366564\AppData\Local\Microsoft\WindowsApps;C:\Development_Avecto\install\jdk1.8.0_181\bin;C:\Development_Avecto\install\apache-maven-3.3.9\bin;;C:\Users\366564\AppData\Local\Programs\Microsoft VS Code\bin;C:\Development_Avecto\install\eclipse-jee-2019-03;
USERNAME=366564
OS=Windows_NT
PROCESSOR_IDENTIFIER=Intel64 Family 6 Model 142 Stepping 10, GenuineIntel



---------------  S Y S T E M  ---------------

OS: Windows 10.0 , 64 bit Build 16299 (10.0.16299.1806)

CPU:total 8 (initial active 8) (4 cores per cpu, 2 threads per core) family 6 model 142 stepping 10, cmov, cx8, fxsr, mmx, sse, sse2, sse3, ssse3, sse4.1, sse4.2, popcnt, avx, avx2, aes, clmul, erms, 3dnowpref, lzcnt, ht, tsc, tscinvbit, bmi1, bmi2, adx

Memory: 4k page, physical 16623644k(1161164k free), swap 16623644k(9756k free)

vm_info: Java HotSpot(TM) 64-Bit Server VM (25.181-b25) for windows-amd64 JRE (1.8.0_181-b25), built on Jun 29 2018 00:57:57 by "java_re" with MS VC++ 10.0 (VS2010)

time: Mon Jun 08 14:35:56 2020
elapsed time: 15 seconds (0d 0h 0m 15s)

